2024-09-25 20:58:34,003 - INFO - Starting the application...
2024-09-25 20:58:34,003 - INFO - Loading YOLOv8 model...
2024-09-25 20:58:34,015 - INFO - YOLOV8 Ready...
2024-09-25 20:58:34,015 - INFO - Loading Grounding Dino model...
2024-09-25 20:58:34,015 - INFO - CUDA is available
2024-09-25 20:58:34,015 - INFO - CUDA version: 12.1
2024-09-25 20:58:34,015 - INFO - Python version: 3.9.12
2024-09-25 20:58:38,069 - INFO - --- Models Ready ---
2024-09-25 20:58:38,069 - INFO - Processing thread started
2024-09-25 20:58:38,073 - INFO - [31m[1mWARNING: This is a development server. Do not use it in a production deployment. Use a production WSGI server instead.[0m
 * Running on http://127.0.0.1:5000
2024-09-25 20:58:38,076 - INFO - [33mPress CTRL+C to quit[0m
2024-09-25 21:00:22,801 - INFO - Starting the application...
2024-09-25 21:00:22,801 - INFO - Loading YOLOv8 model...
2024-09-25 21:00:22,801 - INFO - YOLOV8 Ready...
2024-09-25 21:00:22,801 - INFO - Loading Grounding Dino model...
2024-09-25 21:00:22,801 - INFO - CUDA is available
2024-09-25 21:00:22,801 - INFO - CUDA version: 12.1
2024-09-25 21:00:22,801 - INFO - Python version: 3.9.12
2024-09-25 21:00:26,123 - INFO - --- Models Ready ---
2024-09-25 21:00:26,131 - INFO - Processing thread started
2024-09-25 21:00:26,139 - INFO - [31m[1mWARNING: This is a development server. Do not use it in a production deployment. Use a production WSGI server instead.[0m
 * Running on http://127.0.0.1:5000
2024-09-25 21:00:26,141 - INFO - [33mPress CTRL+C to quit[0m
2024-09-25 21:00:30,558 - INFO - Starting the application...
2024-09-25 21:00:30,558 - INFO - Loading YOLOv8 model...
2024-09-25 21:00:30,572 - INFO - YOLOV8 Ready...
2024-09-25 21:00:30,572 - INFO - Loading Grounding Dino model...
2024-09-25 21:00:30,572 - INFO - CUDA is available
2024-09-25 21:00:30,572 - INFO - CUDA version: 12.1
2024-09-25 21:00:30,572 - INFO - Python version: 3.9.12
2024-09-25 21:00:33,892 - INFO - --- Models Ready ---
2024-09-25 21:00:33,892 - INFO - Processing thread started
2024-09-25 21:00:33,896 - INFO - [31m[1mWARNING: This is a development server. Do not use it in a production deployment. Use a production WSGI server instead.[0m
 * Running on http://127.0.0.1:5000
2024-09-25 21:00:33,896 - INFO - [33mPress CTRL+C to quit[0m
2024-09-25 21:01:52,591 - INFO - Starting the application...
2024-09-25 21:01:52,591 - INFO - Loading YOLOv8 model...
2024-09-25 21:01:52,593 - INFO - YOLOV8 Ready...
2024-09-25 21:01:52,593 - INFO - Loading Grounding Dino model...
2024-09-25 21:01:52,593 - INFO - CUDA is available
2024-09-25 21:01:52,593 - INFO - CUDA version: 12.1
2024-09-25 21:01:52,593 - INFO - Python version: 3.9.12
2024-09-25 21:01:56,112 - INFO - --- Models Ready ---
2024-09-25 21:01:56,112 - INFO - Processing thread started
2024-09-25 21:01:56,117 - INFO - [31m[1mWARNING: This is a development server. Do not use it in a production deployment. Use a production WSGI server instead.[0m
 * Running on http://127.0.0.1:5000
2024-09-25 21:01:56,119 - INFO - [33mPress CTRL+C to quit[0m
2024-09-25 21:02:01,964 - INFO - Starting the application...
2024-09-25 21:02:01,964 - INFO - Loading YOLOv8 model...
2024-09-25 21:02:01,976 - INFO - YOLOV8 Ready...
2024-09-25 21:02:01,976 - INFO - Loading Grounding Dino model...
2024-09-25 21:02:01,976 - INFO - CUDA is available
2024-09-25 21:02:01,976 - INFO - CUDA version: 12.1
2024-09-25 21:02:01,976 - INFO - Python version: 3.9.12
2024-09-25 21:02:06,457 - INFO - --- Models Ready ---
2024-09-25 21:02:06,457 - INFO - Processing thread started
2024-09-25 21:02:06,462 - INFO - [31m[1mWARNING: This is a development server. Do not use it in a production deployment. Use a production WSGI server instead.[0m
 * Running on http://127.0.0.1:5000
2024-09-25 21:02:06,462 - INFO - [33mPress CTRL+C to quit[0m
2024-09-25 21:03:33,734 - INFO - Starting the application...
2024-09-25 21:03:33,734 - INFO - Loading YOLOv8 model...
2024-09-25 21:03:33,744 - INFO - YOLOV8 Ready...
2024-09-25 21:03:33,744 - INFO - Loading Grounding Dino model...
2024-09-25 21:03:33,744 - INFO - CUDA is available
2024-09-25 21:03:33,744 - INFO - CUDA version: 12.1
2024-09-25 21:03:33,744 - INFO - Python version: 3.9.12
2024-09-25 21:03:37,122 - INFO - --- Models Ready ---
2024-09-25 21:03:37,122 - INFO - Processing thread started
2024-09-25 21:03:37,124 - INFO - [31m[1mWARNING: This is a development server. Do not use it in a production deployment. Use a production WSGI server instead.[0m
 * Running on http://127.0.0.1:5000
2024-09-25 21:03:37,124 - INFO - [33mPress CTRL+C to quit[0m
